Performing C SOURCE FILE Test CMAKE_HAVE_LIBC_PTHREAD failed with the following output:
Change Dir: /tmp/tmp.SvQhYDs0IT/cmake-build-debug/CMakeFiles/CMakeTmp

Run Build Command(s):/usr/bin/make -f Makefile cmTC_acfc7/fast && /usr/bin/make  -f CMakeFiles/cmTC_acfc7.dir/build.make CMakeFiles/cmTC_acfc7.dir/build
make[1]: Entering directory '/tmp/tmp.SvQhYDs0IT/cmake-build-debug/CMakeFiles/CMakeTmp'
Building C object CMakeFiles/cmTC_acfc7.dir/src.c.o
/usr/bin/cc -DCMAKE_HAVE_LIBC_PTHREAD   -o CMakeFiles/cmTC_acfc7.dir/src.c.o -c /tmp/tmp.SvQhYDs0IT/cmake-build-debug/CMakeFiles/CMakeTmp/src.c
Linking C executable cmTC_acfc7
/usr/local/bin/cmake -E cmake_link_script CMakeFiles/cmTC_acfc7.dir/link.txt --verbose=1
/usr/bin/cc CMakeFiles/cmTC_acfc7.dir/src.c.o -o cmTC_acfc7 
/usr/bin/ld: CMakeFiles/cmTC_acfc7.dir/src.c.o: in function `main':
src.c:(.text+0x48): undefined reference to `pthread_create'
/usr/bin/ld: src.c:(.text+0x50): undefined reference to `pthread_detach'
/usr/bin/ld: src.c:(.text+0x58): undefined reference to `pthread_cancel'
/usr/bin/ld: src.c:(.text+0x64): undefined reference to `pthread_join'
collect2: error: ld returned 1 exit status
make[1]: *** [CMakeFiles/cmTC_acfc7.dir/build.make:99: cmTC_acfc7] Error 1
make[1]: Leaving directory '/tmp/tmp.SvQhYDs0IT/cmake-build-debug/CMakeFiles/CMakeTmp'
make: *** [Makefile:127: cmTC_acfc7/fast] Error 2


Source file was:
#include <pthread.h>

static void* test_func(void* data)
{
  return data;
}

int main(void)
{
  pthread_t thread;
  pthread_create(&thread, NULL, test_func, NULL);
  pthread_detach(thread);
  pthread_cancel(thread);
  pthread_join(thread, NULL);
  pthread_atfork(NULL, NULL, NULL);
  pthread_exit(NULL);

  return 0;
}

Determining if the function pthread_create exists in the pthreads failed with the following output:
Change Dir: /tmp/tmp.SvQhYDs0IT/cmake-build-debug/CMakeFiles/CMakeTmp

Run Build Command(s):/usr/bin/make -f Makefile cmTC_43dda/fast && /usr/bin/make  -f CMakeFiles/cmTC_43dda.dir/build.make CMakeFiles/cmTC_43dda.dir/build
make[1]: Entering directory '/tmp/tmp.SvQhYDs0IT/cmake-build-debug/CMakeFiles/CMakeTmp'
Building C object CMakeFiles/cmTC_43dda.dir/CheckFunctionExists.c.o
/usr/bin/cc   -DCHECK_FUNCTION_EXISTS=pthread_create -o CMakeFiles/cmTC_43dda.dir/CheckFunctionExists.c.o -c /usr/local/share/cmake-3.22/Modules/CheckFunctionExists.c
Linking C executable cmTC_43dda
/usr/local/bin/cmake -E cmake_link_script CMakeFiles/cmTC_43dda.dir/link.txt --verbose=1
/usr/bin/cc  -DCHECK_FUNCTION_EXISTS=pthread_create CMakeFiles/cmTC_43dda.dir/CheckFunctionExists.c.o -o cmTC_43dda  -lpthreads 
/usr/bin/ld: cannot find -lpthreads
collect2: error: ld returned 1 exit status
make[1]: *** [CMakeFiles/cmTC_43dda.dir/build.make:99: cmTC_43dda] Error 1
make[1]: Leaving directory '/tmp/tmp.SvQhYDs0IT/cmake-build-debug/CMakeFiles/CMakeTmp'
make: *** [Makefile:127: cmTC_43dda/fast] Error 2



